<?xml version="1.0" encoding="UTF-8"?>
<!-- Generated by org.testng.reporters.JUnitReportReporter -->
<testsuite skipped="0" hostname="Monicca" name="com.glenhawk.testcases.HomepageTC" tests="1" failures="0" timestamp="01 Oct 2019 22:49:58 GMT" time="45.683" errors="0">
  <testcase name="f" time="45.683" classname="com.glenhawk.testcases.HomepageTC"/>
</testsuite> <!-- com.glenhawk.testcases.HomepageTC -->
